[2021-08-28T18:50:50.446] [DEBUG] cheese - U24E9GSYyU0kntWfY964d anuncio subido posicion: 2021-08-28 18:15:00

[2021-08-28T18:50:50.463] [DEBUG] cheese - Bv8jL6JXHE1xjGj3Sn6XS anuncio subido posicion: 2021-08-28 18:30:00

[2021-08-28T18:50:50.464] [DEBUG] cheese - oYjD9kyc6ocIl9AVZUl2V anuncio subido posicion: 2021-08-28 18:20:00

[2021-08-28T18:50:50.465] [DEBUG] cheese - BLzrE_PCCWgn86ryI_4Ps anuncio subido posicion: 2021-08-28 18:12:00

[2021-08-28T18:51:00.462] [DEBUG] cheese - U24E9GSYyU0kntWfY964d anuncio subido posicion: 2021-08-28 18:30:00

[2021-08-28T18:51:00.491] [DEBUG] cheese - oYjD9kyc6ocIl9AVZUl2V anuncio subido posicion: 2021-08-28 18:40:00

[2021-08-28T18:51:00.491] [DEBUG] cheese - BLzrE_PCCWgn86ryI_4Ps anuncio subido posicion: 2021-08-28 18:24:00

[2021-08-28T18:51:10.450] [DEBUG] cheese - BLzrE_PCCWgn86ryI_4Ps anuncio subido posicion: 2021-08-28 18:36:00

[2021-08-28T18:51:10.467] [DEBUG] cheese - U24E9GSYyU0kntWfY964d anuncio subido posicion: 2021-08-28 18:45:00

[2021-08-28T18:51:20.455] [DEBUG] cheese - BLzrE_PCCWgn86ryI_4Ps anuncio subido posicion: 2021-08-28 18:48:00

[2021-08-28T19:00:10.467] [DEBUG] cheese - U24E9GSYyU0kntWfY964d anuncio subido posicion: 2021-08-28 19:00:00

[2021-08-28T19:00:10.479] [DEBUG] cheese - Bv8jL6JXHE1xjGj3Sn6XS anuncio subido posicion: 2021-08-28 19:00:00

[2021-08-28T19:00:10.484] [DEBUG] cheese - oYjD9kyc6ocIl9AVZUl2V anuncio subido posicion: 2021-08-28 19:00:00

[2021-08-28T19:00:10.484] [DEBUG] cheese - BLzrE_PCCWgn86ryI_4Ps anuncio subido posicion: 2021-08-28 19:00:00

[2021-08-28T19:12:00.428] [DEBUG] cheese - BLzrE_PCCWgn86ryI_4Ps anuncio subido posicion: 2021-08-28 19:12:00

[2021-08-28T19:15:10.445] [DEBUG] cheese - U24E9GSYyU0kntWfY964d anuncio subido posicion: 2021-08-28 19:15:00

[2021-08-28T19:20:00.426] [DEBUG] cheese - oYjD9kyc6ocIl9AVZUl2V anuncio subido posicion: 2021-08-28 19:20:00

[2021-08-28T19:24:00.437] [DEBUG] cheese - BLzrE_PCCWgn86ryI_4Ps anuncio subido posicion: 2021-08-28 19:24:00

[2021-08-28T19:30:00.430] [DEBUG] cheese - U24E9GSYyU0kntWfY964d anuncio subido posicion: 2021-08-28 19:30:00

[2021-08-28T19:30:00.452] [DEBUG] cheese - Bv8jL6JXHE1xjGj3Sn6XS anuncio subido posicion: 2021-08-28 19:30:00

[2021-08-28T19:36:00.452] [DEBUG] cheese - BLzrE_PCCWgn86ryI_4Ps anuncio subido posicion: 2021-08-28 19:36:00

[2021-08-28T19:40:00.411] [DEBUG] cheese - oYjD9kyc6ocIl9AVZUl2V anuncio subido posicion: 2021-08-28 19:40:00

[2021-08-28T19:45:00.451] [DEBUG] cheese - U24E9GSYyU0kntWfY964d anuncio subido posicion: 2021-08-28 19:45:00

[2021-08-28T19:48:00.463] [DEBUG] cheese - BLzrE_PCCWgn86ryI_4Ps anuncio subido posicion: 2021-08-28 19:48:00

[2021-08-28T20:00:10.464] [DEBUG] cheese - U24E9GSYyU0kntWfY964d anuncio subido posicion: 2021-08-28 20:00:00

[2021-08-28T20:00:10.465] [DEBUG] cheese - BLzrE_PCCWgn86ryI_4Ps anuncio subido posicion: 2021-08-28 20:00:00

[2021-08-28T20:00:10.468] [DEBUG] cheese - Bv8jL6JXHE1xjGj3Sn6XS anuncio subido posicion: 2021-08-28 20:00:00

[2021-08-28T20:00:10.470] [DEBUG] cheese - oYjD9kyc6ocIl9AVZUl2V anuncio subido posicion: 2021-08-28 20:00:00

[2021-08-28T20:00:20.666] [DEBUG] cheese - oYjD9kyc6ocIl9AVZUl2VEliminacion anuncio subido posicion: 2021-08-28 20:00:00

[2021-08-28T20:00:20.672] [DEBUG] cheese - Bv8jL6JXHE1xjGj3Sn6XSEliminacion anuncio subido posicion: 2021-08-28 20:00:00

[2021-08-28T20:00:20.672] [DEBUG] cheese - BLzrE_PCCWgn86ryI_4PsEliminacion anuncio subido posicion: 2021-08-28 20:00:00

[2021-08-28T20:00:20.679] [DEBUG] cheese - U24E9GSYyU0kntWfY964dEliminacion anuncio subido posicion: 2021-08-28 20:00:00

